<?xml version="1.0" encoding="UTF-8"?>
<!-- Generated by org.testng.reporters.JUnitXMLReporter -->
<testsuite ignored="2" hostname="EPINHYDW0AC0" failures="0" tests="10" name="Calc operations" time="0.077" errors="0" timestamp="2024-02-07T22:28:12 IST">
  <testcase classname="testng.AppTest" name="addForLong" time="0.01"/>
  <testcase classname="testng.AppTest" name="addForDouble" time="0.01"/>
  <testcase classname="testng.AppTest" name="addForLong" time="0.004"/>
  <testcase classname="testng.AppTest" name="addForDouble" time="0.003"/>
  <testcase classname="testng.AppTest" name="divForDouble" time="0.004"/>
  <testcase classname="testng.AppTest" name="mulForLong" time="0.007"/>
  <testcase classname="testng.AppTest" name="divForDouble" time="0.004"/>
  <testcase classname="testng.AppTest" name="mulForLong" time="0.002"/>
  <testcase classname="testng.AppTest" name="subForDouble" time="0.003"/>
  <testcase classname="testng.AppTest" name="subForDouble" time="0.002"/>
  <testcase classname="testng.AppTest" name="divideByZero" time="0.0">
    <ignored/>
  </testcase> <!-- divideByZero -->
  <testcase classname="testng.AppTest" name="stringLength" time="0.0">
    <ignored/>
  </testcase> <!-- stringLength -->
</testsuite> <!-- Calc operations -->
