<?xml version="1.0" encoding="UTF-8"?>
<!-- Generated by org.testng.reporters.JUnitXMLReporter -->
<testsuite ignored="5" hostname="EPINHYDW0AC0" failures="0" tests="2" name="TestNG execution flow" time="0.201" errors="0" timestamp="2024-02-07T22:28:12 IST">
  <testcase classname="testng.AppTest" name="divideByZero" time="0.034"/>
  <testcase classname="testng.AppTest" name="stringLength" time="0.034"/>
  <testcase classname="testng.AppTest" name="subForDouble" time="0.0">
    <ignored/>
  </testcase> <!-- subForDouble -->
  <testcase classname="testng.AppTest" name="addForDouble" time="0.0">
    <ignored/>
  </testcase> <!-- addForDouble -->
  <testcase classname="testng.AppTest" name="addForLong" time="0.0">
    <ignored/>
  </testcase> <!-- addForLong -->
  <testcase classname="testng.AppTest" name="divForDouble" time="0.0">
    <ignored/>
  </testcase> <!-- divForDouble -->
  <testcase classname="testng.AppTest" name="mulForLong" time="0.0">
    <ignored/>
  </testcase> <!-- mulForLong -->
</testsuite> <!-- TestNG execution flow -->
