<?xml version="1.0" encoding="UTF-8"?>
<!-- Generated by org.testng.reporters.JUnitXMLReporter -->
<testsuite ignored="6" hostname="EPINHYDW0AC0" failures="0" tests="2" name="Default test" time="5.703" errors="0" timestamp="2024-03-22T18:04:44 IST">
  <testcase classname="test.PlacesTest" name="verifyPostCode" time="4.244"/>
  <testcase classname="test.PlacesTest" name="verifyPostCode" time="1.367"/>
  <testcase classname="test.PlacesTest" name="verifyGetPlaceStatusCode" time="0.0">
    <ignored/>
  </testcase> <!-- verifyGetPlaceStatusCode -->
  <testcase classname="test.PlacesTest" name="verifyNonNegativePostCode" time="0.0">
    <ignored/>
  </testcase> <!-- verifyNonNegativePostCode -->
  <testcase classname="test.PlacesTest" name="verifyNonNullResponse" time="0.0">
    <ignored/>
  </testcase> <!-- verifyNonNullResponse -->
  <testcase classname="test.PlacesTest" name="verifyResponseBody" time="0.0">
    <ignored/>
  </testcase> <!-- verifyResponseBody -->
  <testcase classname="test.PlacesTest" name="verifyGetPlaceResponseBody" time="0.0">
    <ignored/>
  </testcase> <!-- verifyGetPlaceResponseBody -->
  <testcase classname="test.PlacesTest" name="verifyGetPlaceAsJsonPath" time="0.0">
    <ignored/>
  </testcase> <!-- verifyGetPlaceAsJsonPath -->
</testsuite> <!-- Default test -->
