<?xml version="1.0" encoding="UTF-8"?>
<!-- Generated by org.testng.reporters.JUnitXMLReporter -->
<testsuite ignored="9" hostname="EPINHYDW0AC0" failures="0" tests="1" name="Default test" time="0.141" errors="0" timestamp="2024-04-02T16:54:02 IST">
  <testcase classname="testng.AppTest" name="iuhefiu" time="0.018"/>
  <testcase classname="testng.AppTest" name="divideByZero" time="0.0">
    <ignored/>
  </testcase> <!-- divideByZero -->
  <testcase classname="testng.AppTest" name="jdcuo" time="0.0">
    <ignored/>
  </testcase> <!-- jdcuo -->
  <testcase classname="testng.AppTest" name="subForDouble" time="0.0">
    <ignored/>
  </testcase> <!-- subForDouble -->
  <testcase classname="testng.AppTest" name="uniqueElements" time="0.0">
    <ignored/>
  </testcase> <!-- uniqueElements -->
  <testcase classname="testng.AppTest" name="divForDouble" time="0.0">
    <ignored/>
  </testcase> <!-- divForDouble -->
  <testcase classname="testng.AppTest" name="addForLong" time="0.0">
    <ignored/>
  </testcase> <!-- addForLong -->
  <testcase classname="testng.AppTest" name="mulForLong" time="0.0">
    <ignored/>
  </testcase> <!-- mulForLong -->
  <testcase classname="testng.AppTest" name="stringLength" time="0.0">
    <ignored/>
  </testcase> <!-- stringLength -->
  <testcase classname="testng.AppTest" name="addForDouble" time="0.0">
    <ignored/>
  </testcase> <!-- addForDouble -->
</testsuite> <!-- Default test -->
