<?xml version="1.0" encoding="UTF-8"?>
<testng-results ignored="0" total="1" passed="1" failed="0" skipped="0">
  <reporter-output>
  </reporter-output>
  <suite started-at="2024-02-20T20:55:18 IST" name="Default suite" finished-at="2024-02-20T20:55:21 IST" duration-ms="2686">
    <groups>
    </groups>
    <test started-at="2024-02-20T20:55:18 IST" name="Default test" finished-at="2024-02-20T20:55:21 IST" duration-ms="2686">
      <class name="test.CoopFeedTheChickens">
        <test-method signature="countNoOfEggs()[pri:0, instance:test.CoopFeedTheChickens@323b36e0]" started-at="2024-02-20T20:55:18 IST" name="countNoOfEggs" finished-at="2024-02-20T20:55:21 IST" duration-ms="2624" status="PASS">
          <reporter-output>
          </reporter-output>
        </test-method> <!-- countNoOfEggs -->
      </class> <!-- test.CoopFeedTheChickens -->
    </test> <!-- Default test -->
  </suite> <!-- Default suite -->
</testng-results>
