<?xml version="1.0" encoding="UTF-8"?>
<testng-results ignored="0" total="1" passed="1" failed="0" skipped="0">
  <reporter-output>
  </reporter-output>
  <suite started-at="2024-12-23T18:18:59 IST" name="Surefire suite" finished-at="2024-12-23T18:19:38 IST" duration-ms="38803">
    <groups>
    </groups>
    <test started-at="2024-12-23T18:18:59 IST" name="Surefire test" finished-at="2024-12-23T18:19:38 IST" duration-ms="38803">
      <class name="com.epm.test.CheckBoxesTest">
        <test-method is-config="true" signature="createInstance()[pri:0, instance:com.epm.test.CheckBoxesTest@78b729e6]" started-at="2024-12-23T18:19:00 IST" name="createInstance" finished-at="2024-12-23T18:19:00 IST" duration-ms="41" status="PASS">
          <reporter-output>
          </reporter-output>
        </test-method> <!-- createInstance -->
        <test-method signature="verifyCheckBoxes()[pri:0, instance:com.epm.test.CheckBoxesTest@78b729e6]" started-at="2024-12-23T18:19:00 IST" name="verifyCheckBoxes" finished-at="2024-12-23T18:19:38 IST" duration-ms="38600" status="PASS">
          <reporter-output>
          </reporter-output>
        </test-method> <!-- verifyCheckBoxes -->
      </class> <!-- com.epm.test.CheckBoxesTest -->
    </test> <!-- Surefire test -->
  </suite> <!-- Surefire suite -->
</testng-results>
