<?xml version="1.0" encoding="UTF-8"?>
<testng-results ignored="0" total="1" passed="1" failed="0" skipped="0">
  <reporter-output>
  </reporter-output>
  <suite started-at="2024-02-20T22:58:56 IST" name="Default suite" finished-at="2024-02-20T22:59:00 IST" duration-ms="3909">
    <groups>
    </groups>
    <test started-at="2024-02-20T22:58:56 IST" name="Default test" finished-at="2024-02-20T22:59:00 IST" duration-ms="3909">
      <class name="test.OpenWeatherHydTest">
        <test-method signature="verifyMainTemp(java.lang.String,java.lang.String)[pri:0, instance:test.OpenWeatherHydTest@44ebcd03]" started-at="2024-02-20T22:58:57 IST" name="verifyMainTemp" data-provider="coordinates" finished-at="2024-02-20T22:59:00 IST" duration-ms="3820" status="PASS">
          <params>
            <param index="0">
              <value>
                <![CDATA[17.3753]]>
              </value>
            </param>
            <param index="1">
              <value>
                <![CDATA[78.4744]]>
              </value>
            </param>
          </params>
          <reporter-output>
          </reporter-output>
        </test-method> <!-- verifyMainTemp -->
      </class> <!-- test.OpenWeatherHydTest -->
    </test> <!-- Default test -->
  </suite> <!-- Default suite -->
</testng-results>
