<?xml version="1.0" encoding="UTF-8"?>
<!-- Generated by org.testng.reporters.JUnitXMLReporter -->
<testsuite ignored="2" hostname="EPINHYDW0AC0" failures="0" tests="1" name="Default test" time="4.471" errors="0" timestamp="2024-02-19T19:03:02 IST">
  <testcase classname="placeholderGet.GetUser" name="verifyErvinHowellIsAUser" time="4.363"/>
  <testcase classname="placeholderGet.GetUser" name="verifyNoOfUsersGreaterThanThree" time="0.0">
    <ignored/>
  </testcase> <!-- verifyNoOfUsersGreaterThanThree -->
  <testcase classname="placeholderGet.GetUser" name="verifyStatusCode" time="0.0">
    <ignored/>
  </testcase> <!-- verifyStatusCode -->
</testsuite> <!-- Default test -->
