<?xml version="1.0" encoding="UTF-8"?>
<!-- Generated by org.testng.reporters.JUnitXMLReporter -->
<testsuite ignored="0" hostname="EPINHYDW0AC0" failures="0" tests="12" name="Command line test" time="0.058" errors="0" timestamp="2024-02-07T22:55:29 IST">
  <testcase classname="testng.AppTest" name="addForDouble" time="0.005"/>
  <testcase classname="testng.AppTest" name="addForDouble" time="0.0"/>
  <testcase classname="testng.AppTest" name="addForLong" time="0.001"/>
  <testcase classname="testng.AppTest" name="addForLong" time="0.0"/>
  <testcase classname="testng.AppTest" name="divForDouble" time="0.0"/>
  <testcase classname="testng.AppTest" name="divForDouble" time="0.001"/>
  <testcase classname="testng.AppTest" name="divideByZero" time="0.001"/>
  <testcase classname="testng.AppTest" name="mulForLong" time="0.0"/>
  <testcase classname="testng.AppTest" name="mulForLong" time="0.0"/>
  <testcase classname="testng.AppTest" name="stringLength" time="0.001"/>
  <testcase classname="testng.AppTest" name="subForDouble" time="0.0"/>
  <testcase classname="testng.AppTest" name="subForDouble" time="0.001"/>
</testsuite> <!-- Command line test -->
