<?xml version="1.0" encoding="UTF-8"?>
<testng-results ignored="0" total="1" passed="1" failed="0" skipped="0">
  <reporter-output>
  </reporter-output>
  <suite started-at="2024-02-23T15:48:28 IST" name="Default suite" finished-at="2024-02-23T15:48:36 IST" duration-ms="7506">
    <groups>
    </groups>
    <test started-at="2024-02-23T15:48:28 IST" name="Default test" finished-at="2024-02-23T15:48:36 IST" duration-ms="7506">
      <class name="com.epm.test.CheckBoxesTest">
        <test-method is-config="true" signature="createInstance()[pri:0, instance:com.epm.test.CheckBoxesTest@351d00c0]" started-at="2024-02-23T15:48:28 IST" name="createInstance" finished-at="2024-02-23T15:48:28 IST" duration-ms="46" status="PASS">
          <reporter-output>
          </reporter-output>
        </test-method> <!-- createInstance -->
        <test-method signature="verifyCheckBoxes()[pri:0, instance:com.epm.test.CheckBoxesTest@351d00c0]" started-at="2024-02-23T15:48:28 IST" name="verifyCheckBoxes" finished-at="2024-02-23T15:48:36 IST" duration-ms="7382" status="PASS">
          <reporter-output>
          </reporter-output>
        </test-method> <!-- verifyCheckBoxes -->
      </class> <!-- com.epm.test.CheckBoxesTest -->
    </test> <!-- Default test -->
  </suite> <!-- Default suite -->
</testng-results>
