<?xml version="1.0" encoding="UTF-8"?>
<!-- Generated by org.testng.reporters.JUnitXMLReporter -->
<testsuite ignored="5" hostname="EPINHYDW0AC0" failures="0" tests="1" name="Default test" time="4.47" errors="0" timestamp="2024-02-19T20:49:34 IST">
  <testcase classname="test.PetTest" name="verifyPetIsADog" time="4.4"/>
  <testcase classname="test.PetTest" name="verifyPetBody" time="0.0">
    <ignored/>
  </testcase> <!-- verifyPetBody -->
  <testcase classname="test.PetTest" name="verifyPetStatus" time="0.0">
    <ignored/>
  </testcase> <!-- verifyPetStatus -->
  <testcase classname="test.PetTest" name="verifyStatusCode" time="0.0">
    <ignored/>
  </testcase> <!-- verifyStatusCode -->
  <testcase classname="test.PetTest" name="verifyPetName" time="0.0">
    <ignored/>
  </testcase> <!-- verifyPetName -->
  <testcase classname="test.PetTest" name="verifyContentType" time="0.0">
    <ignored/>
  </testcase> <!-- verifyContentType -->
</testsuite> <!-- Default test -->
