<?xml version="1.0" encoding="UTF-8"?>
<!-- Generated by org.testng.reporters.JUnitXMLReporter -->
<testsuite ignored="3" hostname="EPINHYDW0AC0" failures="0" tests="1" name="Default test" time="3.909" errors="0" timestamp="2024-02-20T22:59:00 IST">
  <testcase classname="test.OpenWeatherHydTest" name="verifyMainTemp" time="3.82"/>
  <testcase classname="test.OpenWeatherHydTest" name="verifyMinMainTemp" time="0.0">
    <ignored/>
  </testcase> <!-- verifyMinMainTemp -->
  <testcase classname="test.OpenWeatherHydTest" name="verifyCountry" time="0.0">
    <ignored/>
  </testcase> <!-- verifyCountry -->
  <testcase classname="test.OpenWeatherHydTest" name="verifyName" time="0.0">
    <ignored/>
  </testcase> <!-- verifyName -->
</testsuite> <!-- Default test -->
