<?xml version="1.0" encoding="UTF-8"?>
<!-- Generated by org.testng.reporters.JUnitXMLReporter -->
<testsuite ignored="1" hostname="EPINHYDW0AC0" failures="0" tests="2" name="GRP-smoke" time="0.161" errors="0" timestamp="2024-03-30T18:17:27 IST">
  <testcase classname="test.PracticeTest" name="test2" time="0.025"/>
  <testcase classname="test.PracticeTest" name="test3" time="0.004"/>
  <testcase classname="test.PracticeTest" name="btest" time="0.0">
    <ignored/>
  </testcase> <!-- btest -->
</testsuite> <!-- GRP-smoke -->
