<?xml version="1.0" encoding="UTF-8"?>
<!-- Generated by org.testng.reporters.JUnitXMLReporter -->
<testsuite ignored="1" hostname="EPINHYDW0AC0" failures="0" tests="2" name="GRP-regression" time="0.266" errors="0" timestamp="2024-03-30T18:17:04 IST">
  <testcase classname="test.PracticeTest" name="btest" time="0.037"/>
  <testcase classname="test.PracticeTest" name="test2" time="0.003"/>
  <testcase classname="test.PracticeTest" name="test3" time="0.0">
    <ignored/>
  </testcase> <!-- test3 -->
</testsuite> <!-- GRP-regression -->
