<?xml version="1.0" encoding="UTF-8"?>
<!-- Generated by org.testng.reporters.JUnitXMLReporter -->
<testsuite ignored="0" hostname="EPINHYDW0AC0" failures="0" tests="3" name="GRP-smoke,regression" time="0.177" errors="0" timestamp="2024-03-30T18:18:56 IST">
  <testcase classname="test.PracticeTest" name="atest" time="0.03"/>
  <testcase classname="test.PracticeTest" name="btest" time="0.006"/>
  <testcase classname="test.PracticeTest" name="test3" time="0.003"/>
</testsuite> <!-- GRP-smoke,regression -->
