<?xml version="1.0" encoding="UTF-8"?>
<!-- Generated by org.testng.reporters.JUnitXMLReporter -->
<testsuite ignored="0" hostname="EPINHYDW0AC0" failures="0" tests="3" name="GRP-regression,smoke" time="0.177" errors="0" timestamp="2024-03-30T18:18:23 IST">
  <testcase classname="test.PracticeTest" name="btest" time="0.034"/>
  <testcase classname="test.PracticeTest" name="test2" time="0.005"/>
  <testcase classname="test.PracticeTest" name="test3" time="0.002"/>
</testsuite> <!-- GRP-regression,smoke -->
