<?xml version="1.0" encoding="UTF-8"?>
<testng-results ignored="0" total="1" passed="1" failed="0" skipped="0">
  <reporter-output>
  </reporter-output>
  <suite started-at="2024-02-19T19:02:57 IST" name="Default suite" finished-at="2024-02-19T19:03:02 IST" duration-ms="4471">
    <groups>
    </groups>
    <test started-at="2024-02-19T19:02:57 IST" name="Default test" finished-at="2024-02-19T19:03:02 IST" duration-ms="4471">
      <class name="placeholderGet.GetUser">
        <test-method is-config="true" signature="setUserService()[pri:0, instance:placeholderGet.GetUser@436813f3]" started-at="2024-02-19T19:02:57 IST" name="setUserService" finished-at="2024-02-19T19:02:57 IST" duration-ms="24" status="PASS">
          <reporter-output>
          </reporter-output>
        </test-method> <!-- setUserService -->
        <test-method signature="verifyErvinHowellIsAUser()[pri:0, instance:placeholderGet.GetUser@436813f3]" started-at="2024-02-19T19:02:57 IST" name="verifyErvinHowellIsAUser" finished-at="2024-02-19T19:03:02 IST" duration-ms="4363" status="PASS">
          <reporter-output>
          </reporter-output>
        </test-method> <!-- verifyErvinHowellIsAUser -->
      </class> <!-- placeholderGet.GetUser -->
    </test> <!-- Default test -->
  </suite> <!-- Default suite -->
</testng-results>
