<?xml version="1.0" encoding="UTF-8"?>
<!-- Generated by org.testng.reporters.JUnitXMLReporter -->
<testsuite ignored="2" hostname="EPINHYDW0AC0" failures="0" tests="1" name="Default test" time="2.686" errors="0" timestamp="2024-02-20T20:55:21 IST">
  <testcase classname="test.CoopFeedTheChickens" name="countNoOfEggs" time="2.624"/>
  <testcase classname="test.CoopFeedTheChickens" name="putToiletSeatDown" time="0.0">
    <ignored/>
  </testcase> <!-- putToiletSeatDown -->
  <testcase classname="test.CoopFeedTheChickens" name="postFeedTheChicken" time="0.0">
    <ignored/>
  </testcase> <!-- postFeedTheChicken -->
</testsuite> <!-- Default test -->
