<?xml version="1.0" encoding="UTF-8"?>
<!-- Generated by org.testng.reporters.JUnitXMLReporter -->
<testsuite ignored="0" hostname="EPINHYDW0AC0" failures="10" tests="10" name="TestNG execution flow" time="0.086" errors="0" timestamp="2024-02-07T18:55:35 IST">
  <testcase classname="testng.AppTest" name="addForDouble" time="0.007">
    <failure type="java.lang.NoClassDefFoundError" message="com/epam/tat/module4/Calculator">
      <![CDATA[java.lang.NoClassDefFoundError: com/epam/tat/module4/Calculator
at testng.AppTest.addForDouble(AppTest.java:18)
at java.base/java.util.ArrayList.forEach(ArrayList.java:1511)
Caused by: java.lang.ClassNotFoundException: com.epam.tat.module4.Calculator
at java.base/jdk.internal.loader.BuiltinClassLoader.loadClass(BuiltinClassLoader.java:641)
at java.base/jdk.internal.loader.ClassLoaders$AppClassLoader.loadClass(ClassLoaders.java:188)
at java.base/java.lang.ClassLoader.loadClass(ClassLoader.java:525)
... 33 more
... Removed 31 stack frames]]>
    </failure>
  </testcase> <!-- addForDouble -->
  <testcase classname="testng.AppTest" name="addForDouble" time="0.0">
    <failure type="java.lang.NoClassDefFoundError" message="com/epam/tat/module4/Calculator">
      <![CDATA[java.lang.NoClassDefFoundError: com/epam/tat/module4/Calculator
at testng.AppTest.addForDouble(AppTest.java:18)
at java.base/java.util.ArrayList.forEach(ArrayList.java:1511)
Caused by: java.lang.ClassNotFoundException: com.epam.tat.module4.Calculator
... 33 more
... Removed 31 stack frames]]>
    </failure>
  </testcase> <!-- addForDouble -->
  <testcase classname="testng.AppTest" name="addForLong" time="0.0">
    <failure type="java.lang.NoClassDefFoundError" message="com/epam/tat/module4/Calculator">
      <![CDATA[java.lang.NoClassDefFoundError: com/epam/tat/module4/Calculator
at testng.AppTest.addForLong(AppTest.java:43)
at java.base/java.util.ArrayList.forEach(ArrayList.java:1511)
Caused by: java.lang.ClassNotFoundException: com.epam.tat.module4.Calculator
... 33 more
... Removed 31 stack frames]]>
    </failure>
  </testcase> <!-- addForLong -->
  <testcase classname="testng.AppTest" name="addForLong" time="0.0">
    <failure type="java.lang.NoClassDefFoundError" message="com/epam/tat/module4/Calculator">
      <![CDATA[java.lang.NoClassDefFoundError: com/epam/tat/module4/Calculator
at testng.AppTest.addForLong(AppTest.java:43)
at java.base/java.util.ArrayList.forEach(ArrayList.java:1511)
Caused by: java.lang.ClassNotFoundException: com.epam.tat.module4.Calculator
... 33 more
... Removed 31 stack frames]]>
    </failure>
  </testcase> <!-- addForLong -->
  <testcase classname="testng.AppTest" name="divForDouble" time="0.001">
    <failure type="java.lang.NoClassDefFoundError" message="com/epam/tat/module4/Calculator">
      <![CDATA[java.lang.NoClassDefFoundError: com/epam/tat/module4/Calculator
at testng.AppTest.divForDouble(AppTest.java:120)
at java.base/java.util.ArrayList.forEach(ArrayList.java:1511)
Caused by: java.lang.ClassNotFoundException: com.epam.tat.module4.Calculator
... 33 more
... Removed 31 stack frames]]>
    </failure>
  </testcase> <!-- divForDouble -->
  <testcase classname="testng.AppTest" name="divForDouble" time="0.001">
    <failure type="java.lang.NoClassDefFoundError" message="com/epam/tat/module4/Calculator">
      <![CDATA[java.lang.NoClassDefFoundError: com/epam/tat/module4/Calculator
at testng.AppTest.divForDouble(AppTest.java:120)
at java.base/java.util.ArrayList.forEach(ArrayList.java:1511)
Caused by: java.lang.ClassNotFoundException: com.epam.tat.module4.Calculator
... 33 more
... Removed 31 stack frames]]>
    </failure>
  </testcase> <!-- divForDouble -->
  <testcase classname="testng.AppTest" name="mulForLong" time="0.0">
    <failure type="java.lang.NoClassDefFoundError" message="com/epam/tat/module4/Calculator">
      <![CDATA[java.lang.NoClassDefFoundError: com/epam/tat/module4/Calculator
at testng.AppTest.mulForLong(AppTest.java:70)
at java.base/java.util.ArrayList.forEach(ArrayList.java:1511)
Caused by: java.lang.ClassNotFoundException: com.epam.tat.module4.Calculator
... 33 more
... Removed 31 stack frames]]>
    </failure>
  </testcase> <!-- mulForLong -->
  <testcase classname="testng.AppTest" name="mulForLong" time="0.0">
    <failure type="java.lang.NoClassDefFoundError" message="com/epam/tat/module4/Calculator">
      <![CDATA[java.lang.NoClassDefFoundError: com/epam/tat/module4/Calculator
at testng.AppTest.mulForLong(AppTest.java:70)
at java.base/java.util.ArrayList.forEach(ArrayList.java:1511)
Caused by: java.lang.ClassNotFoundException: com.epam.tat.module4.Calculator
... 33 more
... Removed 31 stack frames]]>
    </failure>
  </testcase> <!-- mulForLong -->
  <testcase classname="testng.AppTest" name="subForDouble" time="0.0">
    <failure type="java.lang.NoClassDefFoundError" message="com/epam/tat/module4/Calculator">
      <![CDATA[java.lang.NoClassDefFoundError: com/epam/tat/module4/Calculator
at testng.AppTest.subForDouble(AppTest.java:96)
at java.base/java.util.ArrayList.forEach(ArrayList.java:1511)
Caused by: java.lang.ClassNotFoundException: com.epam.tat.module4.Calculator
... 33 more
... Removed 31 stack frames]]>
    </failure>
  </testcase> <!-- subForDouble -->
  <testcase classname="testng.AppTest" name="subForDouble" time="0.001">
    <failure type="java.lang.NoClassDefFoundError" message="com/epam/tat/module4/Calculator">
      <![CDATA[java.lang.NoClassDefFoundError: com/epam/tat/module4/Calculator
at testng.AppTest.subForDouble(AppTest.java:96)
at java.base/java.util.ArrayList.forEach(ArrayList.java:1511)
Caused by: java.lang.ClassNotFoundException: com.epam.tat.module4.Calculator
... 33 more
... Removed 31 stack frames]]>
    </failure>
  </testcase> <!-- subForDouble -->
</testsuite> <!-- TestNG execution flow -->
