<?xml version="1.0" encoding="UTF-8"?>
<!-- Generated by org.testng.reporters.JUnitXMLReporter -->
<testsuite ignored="10" hostname="EPINHYDW0AC0" failures="0" tests="1" name="Default test" time="3.685" errors="0" timestamp="2024-04-17T18:45:29 IST">
  <testcase classname="com.epam.test.PostsTest" name="verifyCreationBody" time="3.589"/>
  <testcase classname="com.epam.test.PostsTest" name="verifyGetStatusCode" time="0.0">
    <ignored/>
  </testcase> <!-- verifyGetStatusCode -->
  <testcase classname="com.epam.test.PostsTest" name="verifyDeleteStatusCode" time="0.0">
    <ignored/>
  </testcase> <!-- verifyDeleteStatusCode -->
  <testcase classname="com.epam.test.PostsTest" name="verifyGetPostsBody" time="0.0">
    <ignored/>
  </testcase> <!-- verifyGetPostsBody -->
  <testcase classname="com.epam.test.PostsTest" name="verifyModifyBody" time="0.0">
    <ignored/>
  </testcase> <!-- verifyModifyBody -->
  <testcase classname="com.epam.test.PostsTest" name="verifyGetIdOfPostsInRange" time="0.0">
    <ignored/>
  </testcase> <!-- verifyGetIdOfPostsInRange -->
  <testcase classname="com.epam.test.PostsTest" name="verifyDeleteBody" time="0.0">
    <ignored/>
  </testcase> <!-- verifyDeleteBody -->
  <testcase classname="com.epam.test.PostsTest" name="verifyModifyStatusCode" time="0.0">
    <ignored/>
  </testcase> <!-- verifyModifyStatusCode -->
  <testcase classname="com.epam.test.PostsTest" name="verifyGetPostsByRange" time="0.0">
    <ignored/>
  </testcase> <!-- verifyGetPostsByRange -->
  <testcase classname="com.epam.test.PostsTest" name="verifyGetIdOfPosts" time="0.0">
    <ignored/>
  </testcase> <!-- verifyGetIdOfPosts -->
  <testcase classname="com.epam.test.PostsTest" name="verifyCreationStatusCode" time="0.0">
    <ignored/>
  </testcase> <!-- verifyCreationStatusCode -->
</testsuite> <!-- Default test -->
